[2026-06-23 13:18:08] Opened page /project/home.php
[2026-06-23 13:19:07] Opened page /project/home.php
[2026-06-23 13:19:07] Anonymous visitor opened login page. IP=::1
[2026-06-23 13:22:37] Opened page /project/home.php
[2026-06-23 13:22:37] Anonymous visitor opened login page. IP=::1
[2026-06-23 13:26:40] Opened page /project/home.php
[2026-06-23 13:26:40] Anonymous visitor opened login page. IP=::1
[2026-06-23 13:29:48] Opened page /project/home.php
[2026-06-23 13:29:48] Anonymous visitor opened login page. IP=::1
[2026-06-23 13:30:03] Opened page /project/homeloginchec.php
[2026-06-23 13:31:04] Opened page /project/homeloginchec.php
[2026-06-23 13:31:09] Opened page /project/home.php
[2026-06-23 13:31:09] Anonymous visitor opened login page. IP=::1
[2026-06-23 13:31:44] Opened page /project/homeloginchec.php
[2026-06-23 13:33:20] Opened page /project/homeloginchec.php
[2026-06-23 13:33:24] Opened page /project/home.php
[2026-06-23 13:33:24] Anonymous visitor opened login page. IP=::1
[2026-06-23 13:36:12] Opened page /project/home.php
[2026-06-23 13:36:12] Anonymous visitor opened login page. IP=::1
[2026-06-23 13:36:35] Opened page /project/home.php
[2026-06-23 13:36:35] Anonymous visitor opened login page. IP=::1
[2026-06-23 13:37:10] Opened page /project/homeloginchec.php
[2026-06-23 13:38:25] Opened page /project/homeloginchec.php
[2026-06-23 13:38:38] Opened page /project/homeloginchec.php
[2026-06-23 13:39:01] Opened page /project/home.php
[2026-06-23 13:39:01] Anonymous visitor opened login page. IP=::1
[2026-06-23 13:39:22] Opened page /project/homeloginchec.php
[2026-06-23 13:40:47] Opened page /project/homeloginchec.php
[2026-06-23 13:41:10] Opened page /project/home.php
[2026-06-23 13:41:10] Anonymous visitor opened login page. IP=::1
[2026-06-23 13:41:37] Opened page /project/homeloginchec.php
[2026-06-23 13:43:03] Opened page /project/home.php
[2026-06-23 13:43:03] Anonymous visitor opened login page. IP=::1
[2026-06-23 13:43:31] Opened page /project/homeloginchec.php
[2026-06-23 13:46:36] Opened page /project/home.php
[2026-06-23 13:46:36] Anonymous visitor opened login page. IP=::1
[2026-06-23 13:46:56] Opened page /project/homeloginchec.php
[2026-06-23 13:51:55] Opened page /project/homeloginchec.php
[2026-06-23 13:52:19] Opened page /project/home.php
[2026-06-23 13:52:19] Anonymous visitor opened login page. IP=::1
[2026-06-23 13:52:37] Opened page /project/homeloginchec.php
[2026-06-23 13:53:41] Opened page /project/home.php
[2026-06-23 13:53:41] Anonymous visitor opened login page. IP=::1
[2026-06-23 13:54:00] Opened page /project/homeloginchec.php
[2026-06-23 13:57:35] USER: 34 Opened page /project/home.php
[2026-06-23 13:57:35] USER: 34 Opened page /project/admin_dashboard.php
[2026-06-23 13:58:05] USER: 34 Opened page /project/home.php
[2026-06-23 13:58:05] USER: 34 Opened page /project/admin_dashboard.php
[2026-06-23 14:03:48] USER: 34 Opened page /project/admin_orders.php
[2026-06-23 14:11:33] USER: 34 Opened page /project/admin_dashboard.php
[2026-06-23 14:12:23] USER: 34 Opened page /project/admin_orders.php
[2026-06-23 14:14:56] USER: 34 Opened page /project/admin_orders.php
[2026-06-23 14:15:58] USER: 34 Opened page /project/admin_orders.php
[2026-06-23 14:16:01] USER: 34 Opened page /project/admin_orders.php
[2026-06-23 14:16:47] USER: 34 Opened page /project/admin_orders.php
[2026-06-23 15:08:30] USER: 34 Opened page /project/admin_dashboard.php
[2026-06-23 15:08:30] Opened page /project/home.php
[2026-06-23 15:08:30] Anonymous visitor opened login page. IP=::1
[2026-06-23 15:08:48] Opened page /project/homeloginchec.php
[2026-06-23 15:08:48] USER: 34 Opened page /project/admin_dashboard.php
[2026-06-23 15:09:09] USER: 34 Opened page /project/admin_orders.php
[2026-06-23 15:09:43] USER: 34 Opened page /project/admin_orders.php
[2026-06-23 15:19:26] USER: 34 Opened page /project/admin_dashboard.php
[2026-06-23 15:19:29] USER: 34 Opened page /project/admin_orders.php
[2026-06-23 15:20:01] USER: 34 Opened page /project/admin_dashboard.php
[2026-06-23 15:20:04] USER: 34 Opened page /project/admin_orders.php
[2026-06-23 15:20:15] Opened page /project/home.php
[2026-06-23 15:20:15] Anonymous visitor opened login page. IP=::1
[2026-06-23 15:20:30] Opened page /project/homeloginchec.php
[2026-06-23 15:20:31] USER: 34 Opened page /project/admin_dashboard.php
[2026-06-23 15:20:33] USER: 34 Opened page /project/admin_orders.php
[2026-06-23 15:21:17] USER: 34 Opened page /project/admin_orders.php
[2026-06-23 15:21:43] USER: 34 Opened page /project/admin_orders.php
[2026-06-23 19:10:33] USER: 34 Opened page /project/admin_orders.php
[2026-06-23 19:10:33] Opened page /project/home.php
[2026-06-23 19:10:33] Anonymous visitor opened login page. IP=::1
[2026-06-23 19:10:51] Opened page /project/homeloginchec.php
[2026-06-23 19:10:51] USER: 34 Opened page /project/admin_dashboard.php
[2026-06-23 19:10:55] USER: 34 Opened page /project/admin_orders.php
[2026-06-23 19:12:12] USER: 34 Opened page /project/admin_orders.php
[2026-06-23 19:13:53] USER: 34 Opened page /project/admin_orders.php
[2026-06-23 19:16:44] USER: 34 Opened page /project/admin_orders.php
[2026-06-23 19:18:20] USER: 34 Opened page /project/admin_orders.php
[2026-06-23 19:18:21] USER: 34 Opened page /project/admin_orders.php
[2026-06-23 19:18:23] USER: 34 Opened page /project/admin_dashboard.php
[2026-06-23 19:18:25] USER: 34 Opened page /project/admin_orders.php
[2026-06-23 19:19:17] USER: 34 Opened page /project/admin_orders.php
[2026-06-23 19:23:28] USER: 34 Opened page /project/admin_users.php
[2026-06-23 19:24:38] USER: 34 Opened page /project/edit_profile.php
[2026-06-23 19:25:32] Opened page /project/home.php
[2026-06-23 19:25:32] Anonymous visitor opened login page. IP=::1
[2026-06-23 19:26:43] Opened page /project/home.php
[2026-06-23 19:26:43] Anonymous visitor opened login page. IP=::1
[2026-06-23 19:27:10] Opened page /project/homeloginchec.php
[2026-06-23 19:27:59] USER: 35 Opened page /project/shopping.php
[2026-06-23 19:28:31] USER: 35 Opened page /project/shopping.php
[2026-06-23 19:28:35] USER: 35 Opened page /project/edit_profile.php
[2026-06-23 19:29:41] USER: 35 Opened page /project/my_orders.php
[2026-06-23 19:29:45] USER: 35 Opened page /project/shopping.php
[2026-06-23 19:29:48] USER: 35 Opened page /project/shopping.php
[2026-06-23 19:29:50] USER: 35 Opened page /project/shopping.php
[2026-06-23 19:29:52] USER: 35 Opened page /project/shopping.php
[2026-06-23 19:29:54] USER: 35 Opened page /project/shopping.php
[2026-06-23 19:30:21] USER: 35 Opened page /project/shopping.php
[2026-06-23 19:34:11] USER: 35 Opened page /project/my_orders.php
[2026-06-23 19:34:13] USER: 35 Opened page /project/shopping.php
[2026-06-23 19:37:54] USER: 35 Opened page /project/shopping.php
[2026-06-23 19:38:05] USER: 35 Opened page /project/shopping.php
[2026-06-23 19:39:16] USER: 35 Opened page /project/shopping.php
[2026-06-23 19:39:21] USER: 35 Opened page /project/shopping.php
[2026-06-23 19:41:02] USER: 35 Opened page /project/product_details.php
[2026-06-23 19:43:39] USER: 35 Opened page /project/product_details.php
[2026-06-23 19:48:38] USER: 35 Opened page /project/product_details.php
[2026-06-23 19:49:42] USER: 35 Opened page /project/product_details.php
[2026-06-23 19:49:43] USER: 35 Opened page /project/product_details.php
[2026-06-23 19:50:56] USER: 35 Opened page /project/product_details.php
[2026-06-23 19:51:07] USER: 35 Opened page /project/shopping.php
[2026-06-23 19:51:18] USER: 35 Opened page /project/shopping.php
[2026-06-23 19:51:24] USER: 35 Opened page /project/product_details.php
[2026-06-23 19:51:29] USER: 35 Opened page /project/shopping.php
[2026-06-23 19:51:34] USER: 35 Opened page /project/my_orders.php
[2026-06-23 19:51:37] USER: 35 Opened page /project/shopping.php
[2026-06-23 19:51:51] Opened page /project/home.php
[2026-06-23 19:51:51] Anonymous visitor opened login page. IP=::1
[2026-06-23 19:52:07] Opened page /project/homeloginchec.php
[2026-06-23 19:52:07] USER: 34 Opened page /project/admin_dashboard.php
[2026-06-23 19:52:10] USER: 34 Opened page /project/admin_users.php
[2026-06-23 19:53:29] USER: 34 Opened page /project/admin_users.php
[2026-06-23 19:53:36] USER: 34 Opened page /project/admin_users.php
[2026-06-23 19:53:43] USER: 34 Opened page /project/admin_users.php
[2026-06-23 19:53:55] Opened page /project/home.php
[2026-06-23 19:53:55] Anonymous visitor opened login page. IP=::1
[2026-06-23 19:54:09] Opened page /project/homeloginchec.php
[2026-06-23 19:55:27] USER: 35 Opened page /project/manage_product.php
[2026-06-23 19:55:39] Opened page /project/home.php
[2026-06-23 19:55:39] Anonymous visitor opened login page. IP=::1
[2026-06-23 19:59:24] Opened page /project/home.php
[2026-06-23 19:59:24] Anonymous visitor opened login page. IP=::1
[2026-06-23 20:04:37] Opened page /project/homeloginchec.php
[2026-06-23 20:05:13] Opened page /project/homeloginchec.php
[2026-06-23 20:05:38] Opened page /project/homeloginchec.php
[2026-06-23 20:06:22] Opened page /project/homeloginchec.php
[2026-06-23 20:06:53] Opened page /project/home.php
[2026-06-23 20:06:53] Anonymous visitor opened login page. IP=::1
[2026-06-23 20:07:09] Opened page /project/homeloginchec.php
[2026-06-23 20:07:18] Opened page /project/homeloginchec.php
[2026-06-23 20:07:27] Opened page /project/homeloginchec.php
[2026-06-24 06:22:50] Opened page /project/home.php
[2026-06-24 06:22:50] Opened page /project/home.php
[2026-06-24 06:22:50] Anonymous visitor opened login page. IP=::1
[2026-06-24 06:23:14] Opened page /project/homeloginchec.php
[2026-06-24 06:23:16] Opened page /project/home.php
[2026-06-24 06:23:16] Anonymous visitor opened login page. IP=::1
[2026-06-24 06:23:22] Opened page /project/homeloginchec.php
[2026-06-24 06:26:09] Opened page /project/homeloginchec.php
[2026-06-24 06:26:48] Opened page /project/homeloginchec.php
[2026-06-24 06:27:37] Opened page /project/home.php
[2026-06-24 06:27:37] Anonymous visitor opened login page. IP=::1
[2026-06-24 06:27:52] Opened page /project/home.php
[2026-06-24 06:27:52] Opened page /project/home.php
[2026-06-24 06:27:52] Anonymous visitor opened login page. IP=::1
[2026-06-24 06:28:26] Opened page /project/homeloginchec.php
[2026-06-24 06:28:27] USER: 34 Opened page /project/admin_dashboard.php
[2026-06-24 06:41:52] USER: 34 Opened page /project/admin_dashboard.php
[2026-06-24 06:41:54] USER: 34 Opened page /project/admin_dashboard.php
[2026-06-24 06:41:55] USER: 34 Opened page /project/admin_dashboard.php
[2026-06-24 06:42:05] USER: 34 Opened page /project/admin_dashboard.php
[2026-06-24 06:42:14] Opened page /project/home.php
[2026-06-24 06:42:14] Anonymous visitor opened login page. IP=::1
[2026-06-24 06:42:31] Opened page /project/homeloginchec.php
[2026-06-24 06:42:31] USER: 34 Opened page /project/admin_dashboard.php
[2026-06-24 06:42:35] USER: 34 Opened page /project/admin_dashboard.php
[2026-06-24 06:43:37] USER: 34 Opened page /project/admin_dashboard.php
[2026-06-24 06:44:28] USER: 34 Opened page /project/admin_dashboard.php
[2026-06-24 06:51:58] USER: 34 Opened page /project/admin_logs.php
[2026-06-24 06:52:05] USER: 34 Opened page /project/admin_logs.php
[2026-06-24 06:52:06] USER: 34 Opened page /project/admin_logs.php
[2026-06-24 06:52:07] USER: 34 Opened page /project/admin_logs.php
[2026-06-24 06:52:08] USER: 34 Opened page /project/admin_logs.php
[2026-06-24 06:52:09] USER: 34 Opened page /project/admin_logs.php
[2026-06-24 06:52:10] USER: 34 Opened page /project/admin_dashboard.php
[2026-06-24 06:53:19] USER: 34 Opened page /project/admin_reports.php
[2026-06-24 06:54:02] USER: 34 Opened page /project/export_users.php
[2026-06-24 06:55:45] USER: 34 Opened page /project/admin_dashboard.php
[2026-06-24 06:55:48] USER: 34 Opened page /project/admin_orders.php
[2026-06-24 06:55:54] USER: 34 Opened page /project/admin_users.php
[2026-06-24 06:56:34] USER: 34 Opened page /project/admin_reports.php
[2026-06-24 07:03:35] USER: 34 Opened page /project/admin_orders.php
[2026-06-24 07:03:38] USER: 34 Opened page /project/admin_orders.php
[2026-06-24 07:03:41] USER: 34 Opened page /project/admin_orders.php
[2026-06-24 07:04:44] USER: 34 Opened page /project/admin_orders.php
[2026-06-24 07:04:47] USER: 34 Opened page /project/admin_dashboard.php
[2026-06-24 07:05:39] USER: 34 Opened page /project/admin_orders.php
[2026-06-24 07:05:45] USER: 34 Opened page /project/admin_dashboard.php
[2026-06-24 07:07:08] USER: 34 Opened page /project/admin_products.php
[2026-06-24 07:07:10] USER: 34 Opened page /project/admin_dashboard.php
[2026-06-24 07:07:15] USER: 34 Opened page /project/admin_orders.php
[2026-06-24 07:07:17] USER: 34 Opened page /project/admin_dashboard.php
[2026-06-24 07:08:15] USER: 34 Opened page /project/admin_users.php
[2026-06-24 07:08:18] USER: 34 Opened page /project/admin_dashboard.php
[2026-06-24 07:10:04] USER: 34 Opened page /project/my_account.php
[2026-06-24 07:10:13] USER: 34 Opened page /project/shopping.php
[2026-06-24 07:10:30] USER: 34 Opened page /project/shopping.php
[2026-06-24 07:10:39] USER: 34 Opened page /project/shopping.php
[2026-06-24 07:10:47] USER: 34 Opened page /project/product_details.php
[2026-06-24 07:11:09] USER: 34 Opened page /project/my_account.php
[2026-06-24 07:11:40] USER: 34 Opened page /project/my_account.php
[2026-06-24 07:11:45] Opened page /project/home.php
[2026-06-24 07:11:45] Anonymous visitor opened login page. IP=::1
[2026-06-24 07:12:03] Opened page /project/homeloginchec.php
[2026-06-24 07:12:03] USER: 34 Opened page /project/admin_dashboard.php
[2026-06-24 07:12:08] USER: 34 Opened page /project/my_account.php
[2026-06-24 07:12:18] Opened page /project/home.php
[2026-06-24 07:12:18] Anonymous visitor opened login page. IP=::1
