[2026-06-22 16:08:48] New user registered: ananyasinha02005@gmail.com
[2026-06-23 13:46:57] User 34 successful login
[2026-06-23 13:52:37] User 34 successful login
[2026-06-23 13:54:01] User 34 successful login
[2026-06-23 13:57:35] USER: 34 User 34 opened login page
[2026-06-23 13:57:35] USER: 34 Admin 34 opened dashboard
[2026-06-23 13:58:05] USER: 34 User 34 opened login page
[2026-06-23 13:58:05] USER: 34 Admin 34 opened dashboard
[2026-06-23 13:59:15] USER: 34 Admin 34 viewed all products
[2026-06-23 14:03:48] USER: 34 Admin 34 viewed all orders
[2026-06-23 14:11:33] USER: 34 Admin 34 opened dashboard
[2026-06-23 14:11:45] USER: 34 User 34 viewed account page
[2026-06-23 14:12:23] USER: 34 Admin 34 viewed all orders
[2026-06-23 14:14:56] USER: 34 Admin 34 viewed all orders
[2026-06-23 14:15:58] USER: 34 Admin 34 viewed all orders
[2026-06-23 14:16:01] USER: 34 Admin 34 viewed all orders
[2026-06-23 14:16:47] USER: 34 Admin 34 viewed all orders
[2026-06-23 15:08:48] User 34 successful login
[2026-06-23 15:08:48] USER: 34 Admin 34 opened dashboard
[2026-06-23 15:09:09] USER: 34 Admin 34 viewed all orders
[2026-06-23 15:09:12] USER: 34 Admin 34 viewed all products
[2026-06-23 15:09:43] USER: 34 Admin 34 viewed all orders
[2026-06-23 15:19:26] USER: 34 Admin 34 opened dashboard
[2026-06-23 15:19:29] USER: 34 Admin 34 viewed all orders
[2026-06-23 15:20:01] USER: 34 Admin 34 opened dashboard
[2026-06-23 15:20:04] USER: 34 Admin 34 viewed all orders
[2026-06-23 15:20:15] USER: 34 User 34 logged out
[2026-06-23 15:20:15] User Unknown logged out
[2026-06-23 15:20:31] User 34 successful login
[2026-06-23 15:20:31] USER: 34 Admin 34 opened dashboard
[2026-06-23 15:20:33] USER: 34 Admin 34 viewed all orders
[2026-06-23 15:21:17] USER: 34 Admin 34 viewed all orders
[2026-06-23 15:21:43] USER: 34 Admin 34 viewed all orders
[2026-06-23 19:10:51] User 34 successful login
[2026-06-23 19:10:51] USER: 34 Admin 34 opened dashboard
[2026-06-23 19:10:55] USER: 34 Admin 34 viewed all orders
[2026-06-23 19:12:12] USER: 34 Admin 34 viewed all orders
[2026-06-23 19:13:53] USER: 34 Admin 34 viewed all orders
[2026-06-23 19:16:44] USER: 34 Admin 34 viewed all orders
[2026-06-23 19:18:20] USER: 34 Admin 34 viewed all orders
[2026-06-23 19:18:21] USER: 34 Admin 34 viewed all orders
[2026-06-23 19:18:23] USER: 34 Admin 34 opened dashboard
[2026-06-23 19:18:25] USER: 34 Admin 34 viewed all orders
[2026-06-23 19:19:17] USER: 34 Admin 34 viewed all orders
[2026-06-23 19:19:26] USER: 34 Admin 34 viewed all products
[2026-06-23 19:23:28] USER: 34 Admin 34 viewed user management
[2026-06-23 19:23:39] USER: 34 Admin 34 viewed all products
[2026-06-23 19:23:44] USER: 34 User 34 viewed account page
[2026-06-23 19:24:38] USER: 34 User 34 viewed profile edit page
[2026-06-23 19:25:32] USER: 34 User 34 logged out
[2026-06-23 19:25:32] User Unknown logged out
[2026-06-23 19:26:39] New user registered: aaryansinha02005@gmail.com
[2026-06-23 19:27:11] User 35 successful login
[2026-06-23 19:27:59] USER: 35 User 35 viewed shopping page
[2026-06-23 19:28:31] USER: 35 User 35 viewed shopping page
[2026-06-23 19:28:33] USER: 35 User 35 viewed account page
[2026-06-23 19:28:35] USER: 35 User 35 viewed profile edit page
[2026-06-23 19:29:41] USER: 35 Customer 35 viewed order history
[2026-06-23 19:29:45] USER: 35 User 35 viewed shopping page
[2026-06-23 19:29:48] USER: 35 User 35 viewed shopping page
[2026-06-23 19:29:50] USER: 35 User 35 viewed shopping page
[2026-06-23 19:29:52] USER: 35 User 35 viewed shopping page
[2026-06-23 19:29:54] USER: 35 User 35 viewed shopping page
[2026-06-23 19:30:21] USER: 35 User 35 viewed shopping page
[2026-06-23 19:34:11] USER: 35 Customer 35 viewed order history
[2026-06-23 19:34:13] USER: 35 User 35 viewed shopping page
[2026-06-23 19:37:54] USER: 35 User 35 added product 3 to cart
[2026-06-23 19:37:54] USER: 35 User 35 viewed shopping page
[2026-06-23 19:38:05] USER: 35 User 35 viewed shopping page
[2026-06-23 19:39:16] USER: 35 User 35 added product 3 to cart
[2026-06-23 19:39:16] USER: 35 User 35 viewed shopping page
[2026-06-23 19:39:21] USER: 35 User 35 viewed shopping page
[2026-06-23 19:51:07] USER: 35 User 35 viewed shopping page
[2026-06-23 19:51:18] USER: 35 User 35 viewed shopping page
[2026-06-23 19:51:29] USER: 35 User 35 viewed shopping page
[2026-06-23 19:51:34] USER: 35 Customer 35 viewed order history
[2026-06-23 19:51:37] USER: 35 User 35 viewed shopping page
[2026-06-23 19:51:39] USER: 35 User 35 viewed account page
[2026-06-23 19:51:51] USER: 35 User 35 logged out
[2026-06-23 19:51:51] User Unknown logged out
[2026-06-23 19:52:07] User 34 successful login
[2026-06-23 19:52:07] USER: 34 Admin 34 opened dashboard
[2026-06-23 19:52:10] USER: 34 Admin 34 viewed user management
[2026-06-23 19:53:29] USER: 34 Admin 34 changed user 35 role to Customer
[2026-06-23 19:53:29] USER: 34 Admin 34 viewed user management
[2026-06-23 19:53:36] USER: 34 Admin 34 changed user 35 role to Seller
[2026-06-23 19:53:36] USER: 34 Admin 34 viewed user management
[2026-06-23 19:53:43] USER: 34 Admin 34 viewed user management
[2026-06-23 19:53:55] USER: 34 User 34 logged out
[2026-06-23 19:53:55] User Unknown logged out
[2026-06-23 19:54:09] User 35 successful login
[2026-06-23 19:54:09] USER: 35 Seller 35 opened dashboard
[2026-06-23 19:54:24] USER: 35 Seller 35 opened dashboard
[2026-06-23 19:55:27] USER: 35 Seller 35 viewed product list
[2026-06-23 19:55:31] USER: 35 Seller 35 opened dashboard
[2026-06-23 19:55:34] USER: 35 Seller 35 opened dashboard
[2026-06-23 19:55:38] USER: 35 User 35 logged out
[2026-06-23 19:55:38] User Unknown logged out
[2026-06-23 20:06:52] New user registered: ananya@gmail.com
[2026-06-24 06:28:27] User 34 successful login
[2026-06-24 06:28:27] USER: 34 Admin 34 opened dashboard
[2026-06-24 06:41:52] USER: 34 Admin 34 opened dashboard
[2026-06-24 06:41:52] USER: 34 Admin 34 opened dashboard
[2026-06-24 06:41:54] USER: 34 Admin 34 opened dashboard
[2026-06-24 06:41:54] USER: 34 Admin 34 opened dashboard
[2026-06-24 06:41:55] USER: 34 Admin 34 opened dashboard
[2026-06-24 06:41:55] USER: 34 Admin 34 opened dashboard
[2026-06-24 06:42:01] USER: 34 Admin 34 viewed all products
[2026-06-24 06:42:05] USER: 34 Admin 34 opened dashboard
[2026-06-24 06:42:05] USER: 34 Admin 34 opened dashboard
[2026-06-24 06:42:14] USER: 34 User 34 logged out
[2026-06-24 06:42:14] User Unknown logged out
[2026-06-24 06:42:31] User 34 successful login
[2026-06-24 06:42:31] USER: 34 Admin 34 opened dashboard
[2026-06-24 06:42:31] USER: 34 Admin 34 opened dashboard
[2026-06-24 06:42:35] USER: 34 Admin 34 opened dashboard
[2026-06-24 06:42:35] USER: 34 Admin 34 opened dashboard
[2026-06-24 06:43:37] USER: 34 Admin 34 opened dashboard
[2026-06-24 06:43:37] USER: 34 Admin 34 opened dashboard
[2026-06-24 06:44:28] USER: 34 Admin 34 opened dashboard
[2026-06-24 06:44:28] USER: 34 Admin 34 opened dashboard
[2026-06-24 06:47:03] USER: 34 User 34 viewed account page
[2026-06-24 06:51:58] USER: 34 Admin 34 viewed audit.log
[2026-06-24 06:52:05] USER: 34 Admin 34 viewed query.log
[2026-06-24 06:52:06] USER: 34 Admin 34 viewed access.log
[2026-06-24 06:52:07] USER: 34 Admin 34 viewed error.log
[2026-06-24 06:52:08] USER: 34 Admin 34 viewed security.log
[2026-06-24 06:52:09] USER: 34 Admin 34 viewed audit.log
[2026-06-24 06:52:10] USER: 34 Admin 34 opened dashboard
[2026-06-24 06:52:10] USER: 34 Admin 34 opened dashboard
[2026-06-24 06:55:45] USER: 34 Admin 34 opened dashboard
[2026-06-24 06:55:45] USER: 34 Admin 34 opened dashboard
[2026-06-24 06:55:48] USER: 34 Admin 34 viewed all orders
[2026-06-24 06:55:51] USER: 34 Admin 34 viewed all products
[2026-06-24 06:55:54] USER: 34 Admin 34 viewed user management
[2026-06-24 06:59:22] USER: 34 Admin 34 viewed all products
[2026-06-24 07:03:35] USER: 34 Admin 34 viewed all orders
[2026-06-24 07:03:38] USER: 34 Admin 34 viewed all orders
[2026-06-24 07:03:41] USER: 34 Admin 34 viewed all orders
[2026-06-24 07:04:44] USER: 34 Admin 34 viewed all orders
[2026-06-24 07:04:47] USER: 34 Admin 34 opened dashboard
[2026-06-24 07:04:47] USER: 34 Admin 34 opened dashboard
[2026-06-24 07:04:48] USER: 34 Admin 34 viewed all products
[2026-06-24 07:04:53] USER: 34 Admin 34 viewed all products
[2026-06-24 07:05:39] USER: 34 Admin 34 viewed all orders
[2026-06-24 07:05:45] USER: 34 Admin 34 opened dashboard
[2026-06-24 07:05:45] USER: 34 Admin 34 opened dashboard
[2026-06-24 07:07:08] USER: 34 Admin 34 viewed all products
[2026-06-24 07:07:10] USER: 34 Admin 34 opened dashboard
[2026-06-24 07:07:10] USER: 34 Admin 34 opened dashboard
[2026-06-24 07:07:15] USER: 34 Admin 34 viewed all orders
[2026-06-24 07:07:17] USER: 34 Admin 34 opened dashboard
[2026-06-24 07:07:17] USER: 34 Admin 34 opened dashboard
[2026-06-24 07:08:15] USER: 34 Admin 34 viewed user management
[2026-06-24 07:08:18] USER: 34 Admin 34 opened dashboard
[2026-06-24 07:08:18] USER: 34 Admin 34 opened dashboard
[2026-06-24 07:08:22] USER: 34 User 34 viewed account page
[2026-06-24 07:08:28] USER: 34 User 34 viewed account page
[2026-06-24 07:10:04] USER: 34 User 34 viewed account page
[2026-06-24 07:10:13] USER: 34 User 34 viewed shopping page
[2026-06-24 07:10:30] USER: 34 User 34 viewed shopping page
[2026-06-24 07:10:39] USER: 34 User 34 viewed shopping page
[2026-06-24 07:11:09] USER: 34 User 34 viewed account page
[2026-06-24 07:11:40] USER: 34 User 34 viewed account page
[2026-06-24 07:11:45] USER: 34 User 34 logged out
[2026-06-24 07:11:45] User Unknown logged out
[2026-06-24 07:12:03] User 34 successful login
[2026-06-24 07:12:03] USER: 34 Admin 34 opened dashboard
[2026-06-24 07:12:03] USER: 34 Admin 34 opened dashboard
[2026-06-24 07:12:08] USER: 34 User 34 viewed account page
[2026-06-24 07:12:18] USER: 34 User 34 logged out
[2026-06-24 07:12:18] User Unknown logged out
