[2026-06-23 13:46:56] User: Guest | SQL: SELECT * FROM users WHERE EMAIL=? OR USERNAME=? | Params: ["admin@shopkart.com","admin"]
[2026-06-23 13:52:37] User: Guest | SQL: SELECT * FROM users WHERE EMAIL=? OR USERNAME=? | Params: ["admin@shopkart.com","admin"]
[2026-06-23 13:54:00] User: Guest | SQL: SELECT * FROM users WHERE EMAIL=? OR USERNAME=? | Params: ["admin@shopkart.com","admin"]
[2026-06-23 13:59:15] USER: 34 User: 34 | SQL: SELECT * FROM products | Params: []
[2026-06-23 14:03:48] USER: 34 User: 34 | SQL: SELECT id,user_id,total_amount,status,created_at FROM orders ORDER BY created_at DESC | Params: []
[2026-06-23 14:12:23] USER: 34 User: 34 | SQL: SELECT id,user_id,total_amount,status,created_at FROM orders ORDER BY created_at DESC | Params: []
[2026-06-23 14:14:56] USER: 34 User: 34 | SQL: SELECT id,user_id,total_amount,status,created_at FROM orders ORDER BY created_at DESC | Params: []
[2026-06-23 14:15:58] USER: 34 User: 34 | SQL: SELECT id,user_id,total_amount,status,created_at FROM orders ORDER BY created_at DESC | Params: []
[2026-06-23 14:16:01] USER: 34 User: 34 | SQL: SELECT id,user_id,total_amount,status,created_at FROM orders ORDER BY created_at DESC | Params: []
[2026-06-23 14:16:47] USER: 34 User: 34 | SQL: SELECT id,user_id,total_amount,status,created_at FROM orders ORDER BY created_at DESC | Params: []
[2026-06-23 15:08:48] User: Guest | SQL: SELECT * FROM users WHERE EMAIL=? OR USERNAME=? | Params: ["admin@shopkart.com","admin"]
[2026-06-23 15:09:09] USER: 34 User: 34 | SQL: SELECT id,user_id,total_amount,status,created_at FROM orders ORDER BY created_at DESC | Params: []
[2026-06-23 15:09:12] USER: 34 User: 34 | SQL: SELECT * FROM products | Params: []
[2026-06-23 15:09:43] USER: 34 User: 34 | SQL: SELECT id,user_id,total_amount,status,created_at FROM orders ORDER BY created_at DESC | Params: []
[2026-06-23 15:19:29] USER: 34 User: 34 | SQL: SELECT id,user_id,total_amount,status,created_at FROM orders ORDER BY created_at DESC | Params: []
[2026-06-23 15:20:04] USER: 34 User: 34 | SQL: SELECT id,user_id,total_amount,status,created_at FROM orders ORDER BY created_at DESC | Params: []
[2026-06-23 15:20:30] User: Guest | SQL: SELECT * FROM users WHERE EMAIL=? OR USERNAME=? | Params: ["admin@shopkart.com","admin"]
[2026-06-23 15:20:33] USER: 34 User: 34 | SQL: SELECT id,user_id,total_amount,status,created_at FROM orders ORDER BY created_at DESC | Params: []
[2026-06-23 15:21:17] USER: 34 User: 34 | SQL: SELECT id,user_id,total_amount,status,created_at FROM orders ORDER BY created_at DESC | Params: []
[2026-06-23 15:21:43] USER: 34 User: 34 | SQL: SELECT id,user_id,total_amount,status,created_at FROM orders ORDER BY created_at DESC | Params: []
[2026-06-23 19:10:51] User: Guest | SQL: SELECT * FROM users WHERE EMAIL=? OR USERNAME=? | Params: ["admin@shopkart.com","admin"]
[2026-06-23 19:10:55] USER: 34 User: 34 | SQL: SELECT id,user_id,total_amount,status,created_at FROM orders ORDER BY created_at DESC | Params: []
[2026-06-23 19:12:12] USER: 34 User: 34 | SQL: SELECT id,user_id,total_amount,status,created_at FROM orders ORDER BY created_at DESC | Params: []
[2026-06-23 19:13:53] USER: 34 User: 34 | SQL: SELECT id,user_id,total_amount,status,created_at FROM orders ORDER BY created_at DESC | Params: []
[2026-06-23 19:16:44] USER: 34 User: 34 | SQL: SELECT id,user_id,total_amount,status,created_at FROM orders ORDER BY created_at DESC | Params: []
[2026-06-23 19:18:20] USER: 34 User: 34 | SQL: SELECT id,user_id,total_amount,status,created_at FROM orders ORDER BY created_at DESC | Params: []
[2026-06-23 19:18:21] USER: 34 User: 34 | SQL: SELECT id,user_id,total_amount,status,created_at FROM orders ORDER BY created_at DESC | Params: []
[2026-06-23 19:18:25] USER: 34 User: 34 | SQL: SELECT id,user_id,total_amount,status,created_at FROM orders ORDER BY created_at DESC | Params: []
[2026-06-23 19:19:17] USER: 34 User: 34 | SQL: SELECT id,user_id,total_amount,status,created_at FROM orders ORDER BY created_at DESC | Params: []
[2026-06-23 19:19:26] USER: 34 User: 34 | SQL: SELECT * FROM products | Params: []
[2026-06-23 19:23:28] USER: 34 User: 34 | SQL: SELECT * FROM users | Params: []
[2026-06-23 19:23:39] USER: 34 User: 34 | SQL: SELECT * FROM products | Params: []
[2026-06-23 19:24:38] USER: 34 User: 34 | SQL: SELECT * FROM users WHERE ID=? | Params: ["34"]
[2026-06-23 19:27:10] User: Guest | SQL: SELECT * FROM users WHERE EMAIL=? OR USERNAME=? | Params: ["aaryansinha02005@gmail.com","aaryan"]
[2026-06-23 19:27:59] USER: 35 User: 35 | SQL: SELECT * FROM products ORDER BY id DESC | Params: []
[2026-06-23 19:27:59] USER: 35 User: 35 | SQL: SELECT SUM(quantity) AS total_items FROM cart WHERE user_id=? | Params: ["35"]
[2026-06-23 19:28:31] USER: 35 User: 35 | SQL: SELECT * FROM products ORDER BY id DESC | Params: []
[2026-06-23 19:28:31] USER: 35 User: 35 | SQL: SELECT SUM(quantity) AS total_items FROM cart WHERE user_id=? | Params: ["35"]
[2026-06-23 19:28:35] USER: 35 User: 35 | SQL: SELECT * FROM users WHERE ID=? | Params: ["35"]
[2026-06-23 19:29:41] USER: 35 User: 35 | SQL: SELECT * FROM orders WHERE user_id=? ORDER BY created_at DESC | Params: ["35"]
[2026-06-23 19:29:45] USER: 35 User: 35 | SQL: SELECT * FROM products ORDER BY id DESC | Params: []
[2026-06-23 19:29:45] USER: 35 User: 35 | SQL: SELECT SUM(quantity) AS total_items FROM cart WHERE user_id=? | Params: ["35"]
[2026-06-23 19:29:48] USER: 35 User: 35 | SQL: SELECT * FROM products ORDER BY id DESC | Params: []
[2026-06-23 19:29:48] USER: 35 User: 35 | SQL: SELECT SUM(quantity) AS total_items FROM cart WHERE user_id=? | Params: ["35"]
[2026-06-23 19:29:50] USER: 35 User: 35 | SQL: SELECT * FROM products WHERE category_id=? ORDER BY id DESC | Params: [""]
[2026-06-23 19:29:50] USER: 35 User: 35 | SQL: SELECT SUM(quantity) AS total_items FROM cart WHERE user_id=? | Params: ["35"]
[2026-06-23 19:29:52] USER: 35 User: 35 | SQL: SELECT * FROM products WHERE category_id=? ORDER BY id DESC | Params: [""]
[2026-06-23 19:29:52] USER: 35 User: 35 | SQL: SELECT SUM(quantity) AS total_items FROM cart WHERE user_id=? | Params: ["35"]
[2026-06-23 19:29:54] USER: 35 User: 35 | SQL: SELECT * FROM products WHERE category_id=? ORDER BY id DESC | Params: [""]
[2026-06-23 19:29:54] USER: 35 User: 35 | SQL: SELECT SUM(quantity) AS total_items FROM cart WHERE user_id=? | Params: ["35"]
[2026-06-23 19:30:21] USER: 35 User: 35 | SQL: SELECT * FROM products WHERE category_id=? ORDER BY id DESC | Params: [""]
[2026-06-23 19:30:21] USER: 35 User: 35 | SQL: SELECT SUM(quantity) AS total_items FROM cart WHERE user_id=? | Params: ["35"]
[2026-06-23 19:34:11] USER: 35 User: 35 | SQL: SELECT * FROM orders WHERE user_id=? ORDER BY created_at DESC | Params: ["35"]
[2026-06-23 19:34:13] USER: 35 User: 35 | SQL: SELECT * FROM products ORDER BY id DESC | Params: []
[2026-06-23 19:34:13] USER: 35 User: 35 | SQL: SELECT SUM(quantity) AS total_items FROM cart WHERE user_id=? | Params: ["35"]
[2026-06-23 19:37:54] USER: 35 User: 35 | SQL: SELECT * FROM products ORDER BY id DESC | Params: []
[2026-06-23 19:37:54] USER: 35 User: 35 | SQL: SELECT SUM(quantity) AS total_items FROM cart WHERE user_id=? | Params: ["35"]
[2026-06-23 19:38:05] USER: 35 User: 35 | SQL: SELECT * FROM products ORDER BY id DESC | Params: []
[2026-06-23 19:38:05] USER: 35 User: 35 | SQL: SELECT SUM(quantity) AS total_items FROM cart WHERE user_id=? | Params: ["35"]
[2026-06-23 19:39:16] USER: 35 User: 35 | SQL: SELECT * FROM products ORDER BY id DESC | Params: []
[2026-06-23 19:39:16] USER: 35 User: 35 | SQL: SELECT SUM(quantity) AS total_items FROM cart WHERE user_id=? | Params: ["35"]
[2026-06-23 19:39:21] USER: 35 User: 35 | SQL: SELECT * FROM products ORDER BY id DESC | Params: []
[2026-06-23 19:39:21] USER: 35 User: 35 | SQL: SELECT SUM(quantity) AS total_items FROM cart WHERE user_id=? | Params: ["35"]
[2026-06-23 19:41:02] USER: 35 User: 35 | SQL: SELECT * FROM products WHERE id=? | Params: ["3"]
[2026-06-23 19:43:39] USER: 35 User: 35 | SQL: SELECT * FROM products WHERE id=? | Params: ["3"]
[2026-06-23 19:48:38] USER: 35 User: 35 | SQL: SELECT * FROM products WHERE id=? | Params: ["3"]
[2026-06-23 19:49:42] USER: 35 User: 35 | SQL: SELECT * FROM products WHERE id=? | Params: ["3"]
[2026-06-23 19:49:43] USER: 35 User: 35 | SQL: SELECT * FROM products WHERE id=? | Params: ["3"]
[2026-06-23 19:50:56] USER: 35 User: 35 | SQL: SELECT * FROM products WHERE id=? | Params: ["3"]
[2026-06-23 19:51:07] USER: 35 User: 35 | SQL: SELECT * FROM products ORDER BY id DESC | Params: []
[2026-06-23 19:51:07] USER: 35 User: 35 | SQL: SELECT SUM(quantity) AS total_items FROM cart WHERE user_id=? | Params: ["35"]
[2026-06-23 19:51:18] USER: 35 User: 35 | SQL: SELECT * FROM products ORDER BY id DESC | Params: []
[2026-06-23 19:51:18] USER: 35 User: 35 | SQL: SELECT SUM(quantity) AS total_items FROM cart WHERE user_id=? | Params: ["35"]
[2026-06-23 19:51:24] USER: 35 User: 35 | SQL: SELECT * FROM products WHERE id=? | Params: ["3"]
[2026-06-23 19:51:29] USER: 35 User: 35 | SQL: SELECT * FROM products ORDER BY id DESC | Params: []
[2026-06-23 19:51:29] USER: 35 User: 35 | SQL: SELECT SUM(quantity) AS total_items FROM cart WHERE user_id=? | Params: ["35"]
[2026-06-23 19:51:34] USER: 35 User: 35 | SQL: SELECT * FROM orders WHERE user_id=? ORDER BY created_at DESC | Params: ["35"]
[2026-06-23 19:51:37] USER: 35 User: 35 | SQL: SELECT * FROM products ORDER BY id DESC | Params: []
[2026-06-23 19:51:37] USER: 35 User: 35 | SQL: SELECT SUM(quantity) AS total_items FROM cart WHERE user_id=? | Params: ["35"]
[2026-06-23 19:52:07] User: Guest | SQL: SELECT * FROM users WHERE EMAIL=? OR USERNAME=? | Params: ["admin@shopkart.com","admin"]
[2026-06-23 19:52:10] USER: 34 User: 34 | SQL: SELECT * FROM users | Params: []
[2026-06-23 19:53:29] USER: 34 User: 34 | SQL: SELECT * FROM users | Params: []
[2026-06-23 19:53:36] USER: 34 User: 34 | SQL: SELECT * FROM users | Params: []
[2026-06-23 19:53:43] USER: 34 User: 34 | SQL: SELECT * FROM users | Params: []
[2026-06-23 19:54:09] User: Guest | SQL: SELECT * FROM users WHERE EMAIL=? OR USERNAME=? | Params: ["aaryansinha02005@gmail.com","aaryan"]
[2026-06-23 19:55:27] USER: 35 User: 35 | SQL: SELECT * FROM products WHERE seller_id=? | Params: ["35"]
[2026-06-23 20:04:37] User: Guest | SQL: SELECT * FROM users WHERE EMAIL=? OR USERNAME=? | Params: ["ananyasinha02005@gmail.com","ananya"]
[2026-06-23 20:07:09] User: Guest | SQL: SELECT * FROM users WHERE EMAIL=? OR USERNAME=? | Params: ["ananya@gmail.com","ananya"]
[2026-06-24 06:23:14] User: Guest | SQL: SELECT * FROM users WHERE EMAIL=? OR USERNAME=? | Params: ["ananyasinha02005@gmail.com","ananya"]
[2026-06-24 06:23:22] User: Guest | SQL: SELECT * FROM users WHERE EMAIL=? OR USERNAME=? | Params: ["ananyasinha02005@gmail.com","ananya"]
[2026-06-24 06:28:26] User: Guest | SQL: SELECT * FROM users WHERE EMAIL=? OR USERNAME=? | Params: ["admin@shopkart.com","admin"]
[2026-06-24 06:42:01] USER: 34 User: 34 | SQL: SELECT * FROM products | Params: []
[2026-06-24 06:42:31] User: Guest | SQL: SELECT * FROM users WHERE EMAIL=? OR USERNAME=? | Params: ["admin@shopkart.com","admin"]
[2026-06-24 06:55:48] USER: 34 User: 34 | SQL: SELECT id,user_id,total_amount,status,created_at FROM orders ORDER BY created_at DESC | Params: []
[2026-06-24 06:55:51] USER: 34 User: 34 | SQL: SELECT * FROM products | Params: []
[2026-06-24 06:55:54] USER: 34 User: 34 | SQL: SELECT * FROM users | Params: []
[2026-06-24 06:59:22] USER: 34 User: 34 | SQL: SELECT * FROM products | Params: []
[2026-06-24 07:03:35] USER: 34 User: 34 | SQL: SELECT id,user_id,total_amount,status,created_at FROM orders ORDER BY created_at DESC | Params: []
[2026-06-24 07:03:38] USER: 34 User: 34 | SQL: SELECT id,user_id,total_amount,status,created_at FROM orders ORDER BY created_at DESC | Params: []
[2026-06-24 07:03:41] USER: 34 User: 34 | SQL: SELECT id,user_id,total_amount,status,created_at FROM orders ORDER BY created_at DESC | Params: []
[2026-06-24 07:04:44] USER: 34 User: 34 | SQL: SELECT id,user_id,total_amount,status,created_at FROM orders ORDER BY created_at DESC | Params: []
[2026-06-24 07:04:48] USER: 34 User: 34 | SQL: SELECT * FROM products | Params: []
[2026-06-24 07:04:53] USER: 34 User: 34 | SQL: SELECT * FROM products | Params: []
[2026-06-24 07:05:39] USER: 34 User: 34 | SQL: SELECT id,user_id,total_amount,status,created_at FROM orders ORDER BY created_at DESC | Params: []
[2026-06-24 07:07:08] USER: 34 User: 34 | SQL: SELECT * FROM products | Params: []
[2026-06-24 07:07:15] USER: 34 User: 34 | SQL: SELECT id,user_id,total_amount,status,created_at FROM orders ORDER BY created_at DESC | Params: []
[2026-06-24 07:08:15] USER: 34 User: 34 | SQL: SELECT * FROM users | Params: []
[2026-06-24 07:10:04] USER: 34 User: 34 | SQL: SELECT * FROM users WHERE ID=? | Params: ["34"]
[2026-06-24 07:10:13] USER: 34 User: 34 | SQL: SELECT * FROM products ORDER BY id DESC | Params: []
[2026-06-24 07:10:13] USER: 34 User: 34 | SQL: SELECT SUM(quantity) AS total_items FROM cart WHERE user_id=? | Params: ["34"]
[2026-06-24 07:10:30] USER: 34 User: 34 | SQL: SELECT * FROM products ORDER BY id DESC | Params: []
[2026-06-24 07:10:30] USER: 34 User: 34 | SQL: SELECT SUM(quantity) AS total_items FROM cart WHERE user_id=? | Params: ["34"]
[2026-06-24 07:10:39] USER: 34 User: 34 | SQL: SELECT * FROM products ORDER BY id DESC | Params: []
[2026-06-24 07:10:39] USER: 34 User: 34 | SQL: SELECT SUM(quantity) AS total_items FROM cart WHERE user_id=? | Params: ["34"]
[2026-06-24 07:10:47] USER: 34 User: 34 | SQL: SELECT * FROM products WHERE id=? | Params: ["3"]
[2026-06-24 07:11:09] USER: 34 User: 34 | SQL: SELECT * FROM users WHERE ID=? | Params: ["34"]
[2026-06-24 07:11:40] USER: 34 User: 34 | SQL: SELECT * FROM users WHERE ID=? | Params: ["34"]
[2026-06-24 07:12:03] User: Guest | SQL: SELECT * FROM users WHERE EMAIL=? OR USERNAME=? | Params: ["admin@shopkart.com","admin"]
[2026-06-24 07:12:08] USER: 34 User: 34 | SQL: SELECT * FROM users WHERE ID=? | Params: ["34"]
